# JRE version: OpenJDK Runtime Environment Temurin-21.0.1+12 (21.0.1+12) (build 21.0.1+12-LTS)
# Java VM: OpenJDK 64-Bit Server VM Temurin-21.0.1+12 (21.0.1+12-LTS, mixed mode, emulated-client, sharing, tiered, compressed oops, compressed class ptrs, g1 gc, windows-amd64)
GC Precious Log:
 CardTable entry size: 512
 Card Set container configuration: InlinePtr #cards 5 size 8 Array Of Cards #cards 12 size 40 Howl #buckets 4 coarsen threshold 1843 Howl Bitmap #cards 512 size 80 coarsen threshold 460 Card regions per heap region 1 cards per card region 2048
 CPUs: 8 total, 8 available
 Memory: 7854M
 Large Page Support: Disabled
 NUMA Support: Disabled
 Compressed Oops: Enabled (32-bit)
 Heap Region Size: 1M
 Heap Min Capacity: 8M
 Heap Initial Capacity: 124M
 Heap Max Capacity: 1964M
 Pre-touch: Disabled
 Parallel Workers: 8
 Concurrent Workers: 2
 Concurrent Refinement Workers: 8
 Periodic GC: Disabled
Heap:
 garbage-first heap   total 94208K, used 33193K [0x0000000085400000, 0x0000000100000000)
  region size 1024K, 12 young (12288K), 4 survivors (4096K)
 Metaspace       used 59516K, committed 60224K, reserved 1114112K
  class space    used 8329K, committed 8640K, reserved 1048576K
GC Heap History (20 events):
Event: 2.263 GC heap before
{Heap before GC invocations=6 (full 0):
 garbage-first heap   total 58368K, used 45179K [0x0000000085400000, 0x0000000100000000)
  region size 1024K, 34 young (34816K), 3 survivors (3072K)
 Metaspace       used 24844K, committed 25216K, reserved 1114112K
  class space    used 3268K, committed 3456K, reserved 1048576K
}
Event: 2.272 GC heap after
{Heap after GC invocations=7 (full 0):
 garbage-first heap   total 58368K, used 15826K [0x0000000085400000, 0x0000000100000000)
  region size 1024K, 5 young (5120K), 5 survivors (5120K)
 Metaspace       used 24844K, committed 25216K, reserved 1114112K
  class space    used 3268K, committed 3456K, reserved 1048576K
}
Event: 2.589 GC heap before
{Heap before GC invocations=7 (full 0):
 garbage-first heap   total 58368K, used 44498K [0x0000000085400000, 0x0000000100000000)
  region size 1024K, 34 young (34816K), 5 survivors (5120K)
 Metaspace       used 26874K, committed 27264K, reserved 1114112K
  class space    used 3545K, committed 3712K, reserved 1048576K
}
Event: 2.600 GC heap after
{Heap after GC invocations=8 (full 0):
 garbage-first heap   total 77824K, used 16612K [0x0000000085400000, 0x0000000100000000)
  region size 1024K, 3 young (3072K), 3 survivors (3072K)
 Metaspace       used 26874K, committed 27264K, reserved 1114112K
  class space    used 3545K, committed 3712K, reserved 1048576K
}
Event: 3.030 GC heap before
{Heap before GC invocations=8 (full 0):
 garbage-first heap   total 77824K, used 59620K [0x0000000085400000, 0x0000000100000000)
  region size 1024K, 45 young (46080K), 3 survivors (3072K)
 Metaspace       used 30316K, committed 30784K, reserved 1114112K
  class space    used 4085K, committed 4288K, reserved 1048576K
}
Event: 3.043 GC heap after
{Heap after GC invocations=9 (full 0):
 garbage-first heap   total 77824K, used 18660K [0x0000000085400000, 0x0000000100000000)
  region size 1024K, 5 young (5120K), 5 survivors (5120K)
 Metaspace       used 30316K, committed 30784K, reserved 1114112K
  class space    used 4085K, committed 4288K, reserved 1048576K
}
Event: 3.525 GC heap before
{Heap before GC invocations=9 (full 0):
 garbage-first heap   total 77824K, used 59620K [0x0000000085400000, 0x0000000100000000)
  region size 1024K, 45 young (46080K), 5 survivors (5120K)
 Metaspace       used 33925K, committed 34496K, reserved 1114112K
  class space    used 4572K, committed 4800K, reserved 1048576K
}
Event: 3.531 GC heap after
{Heap after GC invocations=10 (full 0):
 garbage-first heap   total 77824K, used 20745K [0x0000000085400000, 0x0000000100000000)
  region size 1024K, 6 young (6144K), 6 survivors (6144K)
 Metaspace       used 33925K, committed 34496K, reserved 1114112K
  class space    used 4572K, committed 4800K, reserved 1048576K
}
Event: 3.628 GC heap before
{Heap before GC invocations=10 (full 0):
 garbage-first heap   total 77824K, used 32009K [0x0000000085400000, 0x0000000100000000)
  region size 1024K, 18 young (18432K), 6 survivors (6144K)
 Metaspace       used 34928K, committed 35456K, reserved 1114112K
  class space    used 4676K, committed 4928K, reserved 1048576K
}
Event: 3.633 GC heap after
{Heap after GC invocations=11 (full 0):
 garbage-first heap   total 77824K, used 21398K [0x0000000085400000, 0x0000000100000000)
  region size 1024K, 3 young (3072K), 3 survivors (3072K)
 Metaspace       used 34928K, committed 35456K, reserved 1114112K
  class space    used 4676K, committed 4928K, reserved 1048576K
}
Event: 4.141 GC heap before
{Heap before GC invocations=12 (full 0):
 garbage-first heap   total 77824K, used 64406K [0x0000000085400000, 0x0000000100000000)
  region size 1024K, 45 young (46080K), 3 survivors (3072K)
 Metaspace       used 39297K, committed 39872K, reserved 1114112K
  class space    used 5242K, committed 5504K, reserved 1048576K
}
Event: 4.145 GC heap after
{Heap after GC invocations=13 (full 0):
 garbage-first heap   total 94208K, used 23172K [0x0000000085400000, 0x0000000100000000)
  region size 1024K, 5 young (5120K), 5 survivors (5120K)
 Metaspace       used 39297K, committed 39872K, reserved 1114112K
  class space    used 5242K, committed 5504K, reserved 1048576K
}
Event: 4.504 GC heap before
{Heap before GC invocations=13 (full 0):
 garbage-first heap   total 94208K, used 74372K [0x0000000085400000, 0x0000000100000000)
  region size 1024K, 55 young (56320K), 5 survivors (5120K)
 Metaspace       used 44077K, committed 44736K, reserved 1114112K
  class space    used 5924K, committed 6208K, reserved 1048576K
}
Event: 4.519 GC heap after
{Heap after GC invocations=14 (full 0):
 garbage-first heap   total 94208K, used 23763K [0x0000000085400000, 0x0000000100000000)
  region size 1024K, 4 young (4096K), 4 survivors (4096K)
 Metaspace       used 44077K, committed 44736K, reserved 1114112K
  class space    used 5924K, committed 6208K, reserved 1048576K
}
Event: 4.906 GC heap before
{Heap before GC invocations=14 (full 0):
 garbage-first heap   total 94208K, used 75987K [0x0000000085400000, 0x0000000100000000)
  region size 1024K, 55 young (56320K), 4 survivors (4096K)
 Metaspace       used 48808K, committed 49472K, reserved 1114112K
  class space    used 6669K, committed 6976K, reserved 1048576K
}
Event: 4.911 GC heap after
{Heap after GC invocations=15 (full 0):
 garbage-first heap   total 94208K, used 24725K [0x0000000085400000, 0x0000000100000000)
  region size 1024K, 5 young (5120K), 5 survivors (5120K)
 Metaspace       used 48808K, committed 49472K, reserved 1114112K
  class space    used 6669K, committed 6976K, reserved 1048576K
}
Event: 5.388 GC heap before
{Heap before GC invocations=15 (full 0):
 garbage-first heap   total 94208K, used 74901K [0x0000000085400000, 0x0000000100000000)
  region size 1024K, 55 young (56320K), 5 survivors (5120K)
 Metaspace       used 54785K, committed 55424K, reserved 1114112K
  class space    used 7483K, committed 7744K, reserved 1048576K
}
Event: 5.408 GC heap after
{Heap after GC invocations=16 (full 0):
 garbage-first heap   total 94208K, used 25474K [0x0000000085400000, 0x0000000100000000)
  region size 1024K, 3 young (3072K), 3 survivors (3072K)
 Metaspace       used 54785K, committed 55424K, reserved 1114112K
  class space    used 7483K, committed 7744K, reserved 1048576K
}
Event: 5.810 GC heap before
{Heap before GC invocations=16 (full 0):
 garbage-first heap   total 94208K, used 73602K [0x0000000085400000, 0x0000000100000000)
  region size 1024K, 51 young (52224K), 3 survivors (3072K)
 Metaspace       used 59147K, committed 59776K, reserved 1114112K
  class space    used 8246K, committed 8512K, reserved 1048576K
}
Event: 5.815 GC heap after
{Heap after GC invocations=17 (full 0):
 garbage-first heap   total 94208K, used 26025K [0x0000000085400000, 0x0000000100000000)
  region size 1024K, 4 young (4096K), 4 survivors (4096K)
 Metaspace       used 59147K, committed 59776K, reserved 1114112K
  class space    used 8246K, committed 8512K, reserved 1048576K
}

